# JRE version: OpenJDK Runtime Environment (8.0_152-b01) (build 1.8.0_152-release-915-b01)
# Java VM: OpenJDK 64-Bit Server VM (25.152-b01 mixed mode windows-amd64 compressed oops)
Heap:
 PSYoungGen      total 263168K, used 21474K [0x00000000e0000000, 0x00000000f3c80000, 0x0000000100000000)
  eden space 241664K, 0% used [0x00000000e0000000,0x00000000e0000000,0x00000000eec00000)
  from space 21504K, 99% used [0x00000000f1a00000,0x00000000f2ef8880,0x00000000f2f00000)
  to   space 13824K, 0% used [0x00000000f2f00000,0x00000000f2f00000,0x00000000f3c80000)
 ParOldGen       total 145920K, used 69989K [0x00000000a0000000, 0x00000000a8e80000, 0x00000000e0000000)
  object space 145920K, 47% used [0x00000000a0000000,0x00000000a4459550,0x00000000a8e80000)
 Metaspace       used 91772K, capacity 98230K, committed 98348K, reserved 1134592K
  class space    used 11792K, capacity 13235K, committed 13312K, reserved 1048576K
GC Heap History (10 events):
Event: 3327.256 GC heap after
Heap after GC invocations=22 (full 3):
 PSYoungGen      total 306176K, used 9500K [0x00000000e0000000, 0x00000000f6800000, 0x0000000100000000)
  eden space 281600K, 0% used [0x00000000e0000000,0x00000000e0000000,0x00000000f1300000)
  from space 24576K, 38% used [0x00000000f1300000,0x00000000f1c47090,0x00000000f2b00000)
  to   space 23552K, 0% used [0x00000000f5100000,0x00000000f5100000,0x00000000f6800000)
 ParOldGen       total 145920K, used 66031K [0x00000000a0000000, 0x00000000a8e80000, 0x00000000e0000000)
  object space 145920K, 45% used [0x00000000a0000000,0x00000000a407bc08,0x00000000a8e80000)
 Metaspace       used 77809K, capacity 82938K, committed 83072K, reserved 1120256K
  class space    used 10098K, capacity 11283K, committed 11392K, reserved 1048576K
}
Event: 5173.557 GC heap before
{Heap before GC invocations=23 (full 3):
 PSYoungGen      total 306176K, used 291100K [0x00000000e0000000, 0x00000000f6800000, 0x0000000100000000)
  eden space 281600K, 100% used [0x00000000e0000000,0x00000000f1300000,0x00000000f1300000)
  from space 24576K, 38% used [0x00000000f1300000,0x00000000f1c47090,0x00000000f2b00000)
  to   space 23552K, 0% used [0x00000000f5100000,0x00000000f5100000,0x00000000f6800000)
 ParOldGen       total 145920K, used 66031K [0x00000000a0000000, 0x00000000a8e80000, 0x00000000e0000000)
  object space 145920K, 45% used [0x00000000a0000000,0x00000000a407bc08,0x00000000a8e80000)
 Metaspace       used 78405K, capacity 83858K, committed 83968K, reserved 1122304K
  class space    used 10149K, capacity 11411K, committed 11520K, reserved 1048576K
Event: 5173.571 GC heap after
Heap after GC invocations=23 (full 3):
 PSYoungGen      total 278016K, used 7136K [0x00000000e0000000, 0x00000000f5800000, 0x0000000100000000)
  eden space 270848K, 0% used [0x00000000e0000000,0x00000000e0000000,0x00000000f0880000)
  from space 7168K, 99% used [0x00000000f5100000,0x00000000f57f8118,0x00000000f5800000)
  to   space 23040K, 0% used [0x00000000f2b00000,0x00000000f2b00000,0x00000000f4180000)
 ParOldGen       total 145920K, used 66039K [0x00000000a0000000, 0x00000000a8e80000, 0x00000000e0000000)
  object space 145920K, 45% used [0x00000000a0000000,0x00000000a407dc08,0x00000000a8e80000)
 Metaspace       used 78405K, capacity 83858K, committed 83968K, reserved 1122304K
  class space    used 10149K, capacity 11411K, committed 11520K, reserved 1048576K
}
Event: 5178.852 GC heap before
{Heap before GC invocations=24 (full 3):
 PSYoungGen      total 278016K, used 277984K [0x00000000e0000000, 0x00000000f5800000, 0x0000000100000000)
  eden space 270848K, 100% used [0x00000000e0000000,0x00000000f0880000,0x00000000f0880000)
  from space 7168K, 99% used [0x00000000f5100000,0x00000000f57f8118,0x00000000f5800000)
  to   space 23040K, 0% used [0x00000000f2b00000,0x00000000f2b00000,0x00000000f4180000)
 ParOldGen       total 145920K, used 66039K [0x00000000a0000000, 0x00000000a8e80000, 0x00000000e0000000)
  object space 145920K, 45% used [0x00000000a0000000,0x00000000a407dc08,0x00000000a8e80000)
 Metaspace       used 79994K, capacity 85596K, committed 85888K, reserved 1124352K
  class space    used 10299K, capacity 11552K, committed 11648K, reserved 1048576K
Event: 5178.868 GC heap after
Heap after GC invocations=24 (full 3):
 PSYoungGen      total 271872K, used 10803K [0x00000000e0000000, 0x00000000f5180000, 0x0000000100000000)
  eden space 260608K, 0% used [0x00000000e0000000,0x00000000e0000000,0x00000000efe80000)
  from space 11264K, 95% used [0x00000000f2b00000,0x00000000f358cc38,0x00000000f3600000)
  to   space 22016K, 0% used [0x00000000f3c00000,0x00000000f3c00000,0x00000000f5180000)
 ParOldGen       total 145920K, used 66567K [0x00000000a0000000, 0x00000000a8e80000, 0x00000000e0000000)
  object space 145920K, 45% used [0x00000000a0000000,0x00000000a4101c38,0x00000000a8e80000)
 Metaspace       used 79994K, capacity 85596K, committed 85888K, reserved 1124352K
  class space    used 10299K, capacity 11552K, committed 11648K, reserved 1048576K
}
Event: 13304.662 GC heap before
{Heap before GC invocations=25 (full 3):
 PSYoungGen      total 271872K, used 271411K [0x00000000e0000000, 0x00000000f5180000, 0x0000000100000000)
  eden space 260608K, 100% used [0x00000000e0000000,0x00000000efe80000,0x00000000efe80000)
  from space 11264K, 95% used [0x00000000f2b00000,0x00000000f358cc38,0x00000000f3600000)
  to   space 22016K, 0% used [0x00000000f3c00000,0x00000000f3c00000,0x00000000f5180000)
 ParOldGen       total 145920K, used 66567K [0x00000000a0000000, 0x00000000a8e80000, 0x00000000e0000000)
  object space 145920K, 45% used [0x00000000a0000000,0x00000000a4101c38,0x00000000a8e80000)
 Metaspace       used 80465K, capacity 86296K, committed 86528K, reserved 1124352K
  class space    used 10351K, capacity 11676K, committed 11776K, reserved 1048576K
Event: 13304.712 GC heap after
Heap after GC invocations=25 (full 3):
 PSYoungGen      total 259072K, used 8007K [0x00000000e0000000, 0x00000000f4400000, 0x0000000100000000)
  eden space 250880K, 0% used [0x00000000e0000000,0x00000000e0000000,0x00000000ef500000)
  from space 8192K, 97% used [0x00000000f3c00000,0x00000000f43d1ee8,0x00000000f4400000)
  to   space 21504K, 0% used [0x00000000f1a00000,0x00000000f1a00000,0x00000000f2f00000)
 ParOldGen       total 145920K, used 66575K [0x00000000a0000000, 0x00000000a8e80000, 0x00000000e0000000)
  object space 145920K, 45% used [0x00000000a0000000,0x00000000a4103c38,0x00000000a8e80000)
 Metaspace       used 80465K, capacity 86296K, committed 86528K, reserved 1124352K
  class space    used 10351K, capacity 11676K, committed 11776K, reserved 1048576K
}
Event: 13309.096 GC heap before
{Heap before GC invocations=26 (full 3):
 PSYoungGen      total 259072K, used 252114K [0x00000000e0000000, 0x00000000f4400000, 0x0000000100000000)
  eden space 250880K, 97% used [0x00000000e0000000,0x00000000eee62cb8,0x00000000ef500000)
  from space 8192K, 97% used [0x00000000f3c00000,0x00000000f43d1ee8,0x00000000f4400000)
  to   space 21504K, 0% used [0x00000000f1a00000,0x00000000f1a00000,0x00000000f2f00000)
 ParOldGen       total 145920K, used 66575K [0x00000000a0000000, 0x00000000a8e80000, 0x00000000e0000000)
  object space 145920K, 45% used [0x00000000a0000000,0x00000000a4103c38,0x00000000a8e80000)
 Metaspace       used 91772K, capacity 98230K, committed 98348K, reserved 1134592K
  class space    used 11792K, capacity 13235K, committed 13312K, reserved 1048576K
Event: 13309.131 GC heap after
Heap after GC invocations=26 (full 3):
 PSYoungGen      total 263168K, used 21474K [0x00000000e0000000, 0x00000000f3c80000, 0x0000000100000000)
  eden space 241664K, 0% used [0x00000000e0000000,0x00000000e0000000,0x00000000eec00000)
  from space 21504K, 99% used [0x00000000f1a00000,0x00000000f2ef8880,0x00000000f2f00000)
  to   space 13824K, 0% used [0x00000000f2f00000,0x00000000f2f00000,0x00000000f3c80000)
 ParOldGen       total 145920K, used 69989K [0x00000000a0000000, 0x00000000a8e80000, 0x00000000e0000000)
  object space 145920K, 47% used [0x00000000a0000000,0x00000000a4459550,0x00000000a8e80000)
 Metaspace       used 91772K, capacity 98230K, committed 98348K, reserved 1134592K
  class space    used 11792K, capacity 13235K, committed 13312K, reserved 1048576K
}
Event: 13309.132 GC heap before
{Heap before GC invocations=27 (full 4):
 PSYoungGen      total 263168K, used 21474K [0x00000000e0000000, 0x00000000f3c80000, 0x0000000100000000)
  eden space 241664K, 0% used [0x00000000e0000000,0x00000000e0000000,0x00000000eec00000)
  from space 21504K, 99% used [0x00000000f1a00000,0x00000000f2ef8880,0x00000000f2f00000)
  to   space 13824K, 0% used [0x00000000f2f00000,0x00000000f2f00000,0x00000000f3c80000)
 ParOldGen       total 145920K, used 69989K [0x00000000a0000000, 0x00000000a8e80000, 0x00000000e0000000)
  object space 145920K, 47% used [0x00000000a0000000,0x00000000a4459550,0x00000000a8e80000)
 Metaspace       used 91772K, capacity 98230K, committed 98348K, reserved 1134592K
  class space    used 11792K, capacity 13235K, committed 13312K, reserved 1048576K

