# JRE version: OpenJDK Runtime Environment (8.0_152-b01) (build 1.8.0_152-release-915-b01)
# Java VM: OpenJDK 64-Bit Server VM (25.152-b01 mixed mode windows-amd64 compressed oops)
Heap:
 PSYoungGen      total 228864K, used 227744K [0x00000000e0000000, 0x00000000f2180000, 0x0000000100000000)
  eden space 204288K, 99% used [0x00000000e0000000,0x00000000ec6c2430,0x00000000ec780000)
  from space 24576K, 98% used [0x00000000f0980000,0x00000000f2125c80,0x00000000f2180000)
  to   space 34304K, 68% used [0x00000000ede80000,0x00000000ef58e8c8,0x00000000f0000000)
 ParOldGen       total 167424K, used 47256K [0x00000000a0000000, 0x00000000aa380000, 0x00000000e0000000)
  object space 167424K, 28% used [0x00000000a0000000,0x00000000a2e26118,0x00000000aa380000)
 Metaspace       used 89755K, capacity 94868K, committed 95064K, reserved 1132544K
  class space    used 11532K, capacity 12663K, committed 12672K, reserved 1048576K
GC Heap History (10 events):
Event: 32.041 GC heap after
Heap after GC invocations=15 (full 3):
 PSYoungGen      total 201728K, used 16839K [0x00000000e0000000, 0x00000000ee580000, 0x0000000100000000)
  eden space 183808K, 0% used [0x00000000e0000000,0x00000000e0000000,0x00000000eb380000)
  from space 17920K, 93% used [0x00000000ed400000,0x00000000ee471f98,0x00000000ee580000)
  to   space 25600K, 0% used [0x00000000eb380000,0x00000000eb380000,0x00000000ecc80000)
 ParOldGen       total 167424K, used 47216K [0x00000000a0000000, 0x00000000aa380000, 0x00000000e0000000)
  object space 167424K, 28% used [0x00000000a0000000,0x00000000a2e1c118,0x00000000aa380000)
 Metaspace       used 67317K, capacity 70374K, committed 70616K, reserved 1110016K
  class space    used 8869K, capacity 9603K, committed 9728K, reserved 1048576K
}
Event: 35.117 GC heap before
{Heap before GC invocations=16 (full 3):
 PSYoungGen      total 201728K, used 200647K [0x00000000e0000000, 0x00000000ee580000, 0x0000000100000000)
  eden space 183808K, 100% used [0x00000000e0000000,0x00000000eb380000,0x00000000eb380000)
  from space 17920K, 93% used [0x00000000ed400000,0x00000000ee471f98,0x00000000ee580000)
  to   space 25600K, 0% used [0x00000000eb380000,0x00000000eb380000,0x00000000ecc80000)
 ParOldGen       total 167424K, used 47216K [0x00000000a0000000, 0x00000000aa380000, 0x00000000e0000000)
  object space 167424K, 28% used [0x00000000a0000000,0x00000000a2e1c118,0x00000000aa380000)
 Metaspace       used 72238K, capacity 76078K, committed 76248K, reserved 1116160K
  class space    used 9585K, capacity 10460K, committed 10496K, reserved 1048576K
Event: 35.153 GC heap after
Heap after GC invocations=16 (full 3):
 PSYoungGen      total 209408K, used 19998K [0x00000000e0000000, 0x00000000f0800000, 0x0000000100000000)
  eden space 183808K, 0% used [0x00000000e0000000,0x00000000e0000000,0x00000000eb380000)
  from space 25600K, 78% used [0x00000000eb380000,0x00000000ec707ab8,0x00000000ecc80000)
  to   space 27136K, 0% used [0x00000000eed80000,0x00000000eed80000,0x00000000f0800000)
 ParOldGen       total 167424K, used 47224K [0x00000000a0000000, 0x00000000aa380000, 0x00000000e0000000)
  object space 167424K, 28% used [0x00000000a0000000,0x00000000a2e1e118,0x00000000aa380000)
 Metaspace       used 72238K, capacity 76078K, committed 76248K, reserved 1116160K
  class space    used 9585K, capacity 10460K, committed 10496K, reserved 1048576K
}
Event: 46.308 GC heap before
{Heap before GC invocations=17 (full 3):
 PSYoungGen      total 209408K, used 203806K [0x00000000e0000000, 0x00000000f0800000, 0x0000000100000000)
  eden space 183808K, 100% used [0x00000000e0000000,0x00000000eb380000,0x00000000eb380000)
  from space 25600K, 78% used [0x00000000eb380000,0x00000000ec707ab8,0x00000000ecc80000)
  to   space 27136K, 0% used [0x00000000eed80000,0x00000000eed80000,0x00000000f0800000)
 ParOldGen       total 167424K, used 47224K [0x00000000a0000000, 0x00000000aa380000, 0x00000000e0000000)
  object space 167424K, 28% used [0x00000000a0000000,0x00000000a2e1e118,0x00000000aa380000)
 Metaspace       used 76194K, capacity 80390K, committed 80472K, reserved 1118208K
  class space    used 9942K, capacity 10868K, committed 10880K, reserved 1048576K
Event: 46.330 GC heap after
Heap after GC invocations=17 (full 3):
 PSYoungGen      total 237056K, used 22972K [0x00000000e0000000, 0x00000000f0700000, 0x0000000100000000)
  eden space 210944K, 0% used [0x00000000e0000000,0x00000000e0000000,0x00000000ece00000)
  from space 26112K, 87% used [0x00000000eed80000,0x00000000f03ef208,0x00000000f0700000)
  to   space 29184K, 0% used [0x00000000ece00000,0x00000000ece00000,0x00000000eea80000)
 ParOldGen       total 167424K, used 47232K [0x00000000a0000000, 0x00000000aa380000, 0x00000000e0000000)
  object space 167424K, 28% used [0x00000000a0000000,0x00000000a2e20118,0x00000000aa380000)
 Metaspace       used 76194K, capacity 80390K, committed 80472K, reserved 1118208K
  class space    used 9942K, capacity 10868K, committed 10880K, reserved 1048576K
}
Event: 53.324 GC heap before
{Heap before GC invocations=18 (full 3):
 PSYoungGen      total 237056K, used 233916K [0x00000000e0000000, 0x00000000f0700000, 0x0000000100000000)
  eden space 210944K, 100% used [0x00000000e0000000,0x00000000ece00000,0x00000000ece00000)
  from space 26112K, 87% used [0x00000000eed80000,0x00000000f03ef208,0x00000000f0700000)
  to   space 29184K, 0% used [0x00000000ece00000,0x00000000ece00000,0x00000000eea80000)
 ParOldGen       total 167424K, used 47232K [0x00000000a0000000, 0x00000000aa380000, 0x00000000e0000000)
  object space 167424K, 28% used [0x00000000a0000000,0x00000000a2e20118,0x00000000aa380000)
 Metaspace       used 82125K, capacity 86570K, committed 86616K, reserved 1124352K
  class space    used 10620K, capacity 11630K, committed 11648K, reserved 1048576K
Event: 53.350 GC heap after
Heap after GC invocations=18 (full 3):
 PSYoungGen      total 240128K, used 27474K [0x00000000e0000000, 0x00000000f2980000, 0x0000000100000000)
  eden space 210944K, 0% used [0x00000000e0000000,0x00000000e0000000,0x00000000ece00000)
  from space 29184K, 94% used [0x00000000ece00000,0x00000000ee8d4aa0,0x00000000eea80000)
  to   space 32768K, 0% used [0x00000000f0980000,0x00000000f0980000,0x00000000f2980000)
 ParOldGen       total 167424K, used 47240K [0x00000000a0000000, 0x00000000aa380000, 0x00000000e0000000)
  object space 167424K, 28% used [0x00000000a0000000,0x00000000a2e22118,0x00000000aa380000)
 Metaspace       used 82125K, capacity 86570K, committed 86616K, reserved 1124352K
  class space    used 10620K, capacity 11630K, committed 11648K, reserved 1048576K
}
Event: 1634.743 GC heap before
{Heap before GC invocations=19 (full 3):
 PSYoungGen      total 240128K, used 238418K [0x00000000e0000000, 0x00000000f2980000, 0x0000000100000000)
  eden space 210944K, 100% used [0x00000000e0000000,0x00000000ece00000,0x00000000ece00000)
  from space 29184K, 94% used [0x00000000ece00000,0x00000000ee8d4aa0,0x00000000eea80000)
  to   space 32768K, 0% used [0x00000000f0980000,0x00000000f0980000,0x00000000f2980000)
 ParOldGen       total 167424K, used 47240K [0x00000000a0000000, 0x00000000aa380000, 0x00000000e0000000)
  object space 167424K, 28% used [0x00000000a0000000,0x00000000a2e22118,0x00000000aa380000)
 Metaspace       used 83323K, capacity 88188K, committed 88408K, reserved 1126400K
  class space    used 10760K, capacity 11867K, committed 11904K, reserved 1048576K
Event: 1634.782 GC heap after
Heap after GC invocations=19 (full 3):
 PSYoungGen      total 228864K, used 24215K [0x00000000e0000000, 0x00000000f2180000, 0x0000000100000000)
  eden space 204288K, 0% used [0x00000000e0000000,0x00000000e0000000,0x00000000ec780000)
  from space 24576K, 98% used [0x00000000f0980000,0x00000000f2125c80,0x00000000f2180000)
  to   space 34304K, 0% used [0x00000000ede80000,0x00000000ede80000,0x00000000f0000000)
 ParOldGen       total 167424K, used 47248K [0x00000000a0000000, 0x00000000aa380000, 0x00000000e0000000)
  object space 167424K, 28% used [0x00000000a0000000,0x00000000a2e24118,0x00000000aa380000)
 Metaspace       used 83323K, capacity 88188K, committed 88408K, reserved 1126400K
  class space    used 10760K, capacity 11867K, committed 11904K, reserved 1048576K
}
Event: 1639.295 GC heap before
{Heap before GC invocations=20 (full 3):
 PSYoungGen      total 228864K, used 227744K [0x00000000e0000000, 0x00000000f2180000, 0x0000000100000000)
  eden space 204288K, 99% used [0x00000000e0000000,0x00000000ec6c2430,0x00000000ec780000)
  from space 24576K, 98% used [0x00000000f0980000,0x00000000f2125c80,0x00000000f2180000)
  to   space 34304K, 0% used [0x00000000ede80000,0x00000000ede80000,0x00000000f0000000)
 ParOldGen       total 167424K, used 47248K [0x00000000a0000000, 0x00000000aa380000, 0x00000000e0000000)
  object space 167424K, 28% used [0x00000000a0000000,0x00000000a2e24118,0x00000000aa380000)
 Metaspace       used 89755K, capacity 94868K, committed 95064K, reserved 1132544K
  class space    used 11532K, capacity 12663K, committed 12672K, reserved 1048576K

